[INFO  - 2018-05-31T18:33:28.574Z] GhostDriver - Main - running on port 50999
[INFO  - 2018-05-31T18:33:32.133Z] Session [1ed07230-6501-11e8-bf8a-6513606338a0] - page.settings - {"XSSAuditingEnabled":false,"javascriptCanCloseWindows":true,"javascriptCanOpenWindows":true,"javascriptEnabled":true,"loadImages":true,"localToRemoteUrlAccessEnabled":false,"userAgent":"Mozilla/5.0 (Windows NT 6.1; WOW64) AppleWebKit/538.1 (KHTML, like Gecko) PhantomJS/2.1.1 Safari/538.1","webSecurityEnabled":true}
[INFO  - 2018-05-31T18:33:32.133Z] Session [1ed07230-6501-11e8-bf8a-6513606338a0] - page.customHeaders:  - {}
[INFO  - 2018-05-31T18:33:32.133Z] Session [1ed07230-6501-11e8-bf8a-6513606338a0] - Session.negotiatedCapabilities - {"browserName":"phantomjs","version":"2.1.1","driverName":"ghostdriver","driverVersion":"1.2.0","platform":"windows-7-32bit","javascriptEnabled":true,"takesScreenshot":true,"handlesAlerts":false,"databaseEnabled":false,"locationContextEnabled":false,"applicationCacheEnabled":false,"browserConnectionEnabled":false,"cssSelectorsEnabled":true,"webStorageEnabled":false,"rotatable":false,"acceptSslCerts":false,"nativeEvents":true,"proxy":{"proxyType":"direct"}}
[INFO  - 2018-05-31T18:33:32.134Z] SessionManagerReqHand - _postNewSessionCommand - New Session Created: 1ed07230-6501-11e8-bf8a-6513606338a0
[ERROR - 2018-05-31T18:33:36.744Z] Session [1ed07230-6501-11e8-bf8a-6513606338a0] - page.onError - msg: ReferenceError: Can't find variable: Set

  phantomjs://platform/console++.js:263 in error
[ERROR - 2018-05-31T18:33:36.744Z] Session [1ed07230-6501-11e8-bf8a-6513606338a0] - page.onError - stack:
  (anonymous function) (https://cdnjs.cloudflare.com/ajax/libs/react-dom/16.2.0/umd/react-dom.production.min.js:124)
  (anonymous function) (https://cdnjs.cloudflare.com/ajax/libs/react-dom/16.2.0/umd/react-dom.production.min.js:12)

  phantomjs://platform/console++.js:263 in error
[ERROR - 2018-05-31T18:33:37.168Z] Session [1ed07230-6501-11e8-bf8a-6513606338a0] - page.onError - msg: ReferenceError: Can't find variable: ReactDOM

  phantomjs://platform/console++.js:263 in error
[ERROR - 2018-05-31T18:33:37.168Z] Session [1ed07230-6501-11e8-bf8a-6513606338a0] - page.onError - stack:
  global code (https://www.findads.com.au/pets-animals/b.html?usp=true:16)

  phantomjs://platform/console++.js:263 in error
[ERROR - 2018-05-31T18:33:39.617Z] Session [1ed07230-6501-11e8-bf8a-6513606338a0] - page.onError - msg: ReferenceError: Can't find variable: Set

  phantomjs://platform/console++.js:263 in error
[ERROR - 2018-05-31T18:33:39.617Z] Session [1ed07230-6501-11e8-bf8a-6513606338a0] - page.onError - stack:
  (anonymous function) (https://cdnjs.cloudflare.com/ajax/libs/react-dom/16.2.0/umd/react-dom.production.min.js:124)
  (anonymous function) (https://cdnjs.cloudflare.com/ajax/libs/react-dom/16.2.0/umd/react-dom.production.min.js:12)

  phantomjs://platform/console++.js:263 in error
[ERROR - 2018-05-31T18:33:39.750Z] Session [1ed07230-6501-11e8-bf8a-6513606338a0] - page.onError - msg: ReferenceError: Can't find variable: ReactDOM

  phantomjs://platform/console++.js:263 in error
[ERROR - 2018-05-31T18:33:39.750Z] Session [1ed07230-6501-11e8-bf8a-6513606338a0] - page.onError - stack:
  global code (https://www.findads.com.au/pets-animals/dog.html?usp=true:16)

  phantomjs://platform/console++.js:263 in error
[ERROR - 2018-05-31T18:33:43.502Z] Session [1ed07230-6501-11e8-bf8a-6513606338a0] - page.onError - msg: ReferenceError: Can't find variable: Set

  phantomjs://platform/console++.js:263 in error
[ERROR - 2018-05-31T18:33:43.502Z] Session [1ed07230-6501-11e8-bf8a-6513606338a0] - page.onError - stack:
  (anonymous function) (https://cdnjs.cloudflare.com/ajax/libs/react-dom/16.2.0/umd/react-dom.production.min.js:124)
  (anonymous function) (https://cdnjs.cloudflare.com/ajax/libs/react-dom/16.2.0/umd/react-dom.production.min.js:12)

  phantomjs://platform/console++.js:263 in error
[ERROR - 2018-05-31T18:33:43.880Z] Session [1ed07230-6501-11e8-bf8a-6513606338a0] - page.onError - msg: ReferenceError: Can't find variable: ReactDOM

  phantomjs://platform/console++.js:263 in error
[ERROR - 2018-05-31T18:33:43.881Z] Session [1ed07230-6501-11e8-bf8a-6513606338a0] - page.onError - stack:
  global code (https://www.findads.com.au/pets-animals/b.html?usp=true:16)

  phantomjs://platform/console++.js:263 in error
[ERROR - 2018-05-31T18:33:45.959Z] Session [1ed07230-6501-11e8-bf8a-6513606338a0] - page.onError - msg: ReferenceError: Can't find variable: Set

  phantomjs://platform/console++.js:263 in error
[ERROR - 2018-05-31T18:33:45.960Z] Session [1ed07230-6501-11e8-bf8a-6513606338a0] - page.onError - stack:
  (anonymous function) (https://cdnjs.cloudflare.com/ajax/libs/react-dom/16.2.0/umd/react-dom.production.min.js:124)
  (anonymous function) (https://cdnjs.cloudflare.com/ajax/libs/react-dom/16.2.0/umd/react-dom.production.min.js:12)

  phantomjs://platform/console++.js:263 in error
[ERROR - 2018-05-31T18:33:46.066Z] Session [1ed07230-6501-11e8-bf8a-6513606338a0] - page.onError - msg: ReferenceError: Can't find variable: ReactDOM

  phantomjs://platform/console++.js:263 in error
[ERROR - 2018-05-31T18:33:46.067Z] Session [1ed07230-6501-11e8-bf8a-6513606338a0] - page.onError - stack:
  global code (https://www.findads.com.au/pets-animals/dog.html?usp=true:16)

  phantomjs://platform/console++.js:263 in error
[ERROR - 2018-05-31T18:33:49.870Z] Session [1ed07230-6501-11e8-bf8a-6513606338a0] - page.onError - msg: ReferenceError: Can't find variable: Set

  phantomjs://platform/console++.js:263 in error
[ERROR - 2018-05-31T18:33:49.870Z] Session [1ed07230-6501-11e8-bf8a-6513606338a0] - page.onError - stack:
  (anonymous function) (https://cdnjs.cloudflare.com/ajax/libs/react-dom/16.2.0/umd/react-dom.production.min.js:124)
  (anonymous function) (https://cdnjs.cloudflare.com/ajax/libs/react-dom/16.2.0/umd/react-dom.production.min.js:12)

  phantomjs://platform/console++.js:263 in error
[ERROR - 2018-05-31T18:33:49.978Z] Session [1ed07230-6501-11e8-bf8a-6513606338a0] - page.onError - msg: ReferenceError: Can't find variable: ReactDOM

  phantomjs://platform/console++.js:263 in error
[ERROR - 2018-05-31T18:33:49.978Z] Session [1ed07230-6501-11e8-bf8a-6513606338a0] - page.onError - stack:
  global code (https://www.findads.com.au/pets-animals/b.html?usp=true:16)

  phantomjs://platform/console++.js:263 in error
[ERROR - 2018-05-31T18:33:53.147Z] Session [1ed07230-6501-11e8-bf8a-6513606338a0] - page.onError - msg: ReferenceError: Can't find variable: Set

  phantomjs://platform/console++.js:263 in error
[ERROR - 2018-05-31T18:33:53.147Z] Session [1ed07230-6501-11e8-bf8a-6513606338a0] - page.onError - stack:
  (anonymous function) (https://cdnjs.cloudflare.com/ajax/libs/react-dom/16.2.0/umd/react-dom.production.min.js:124)
  (anonymous function) (https://cdnjs.cloudflare.com/ajax/libs/react-dom/16.2.0/umd/react-dom.production.min.js:12)

  phantomjs://platform/console++.js:263 in error
[ERROR - 2018-05-31T18:33:53.296Z] Session [1ed07230-6501-11e8-bf8a-6513606338a0] - page.onError - msg: ReferenceError: Can't find variable: ReactDOM

  phantomjs://platform/console++.js:263 in error
[ERROR - 2018-05-31T18:33:53.297Z] Session [1ed07230-6501-11e8-bf8a-6513606338a0] - page.onError - stack:
  global code (https://www.findads.com.au/pets-animals/dog.html?usp=true:16)

  phantomjs://platform/console++.js:263 in error
[ERROR - 2018-05-31T18:33:57.337Z] Session [1ed07230-6501-11e8-bf8a-6513606338a0] - page.onError - msg: ReferenceError: Can't find variable: Set

  phantomjs://platform/console++.js:263 in error
[ERROR - 2018-05-31T18:33:57.337Z] Session [1ed07230-6501-11e8-bf8a-6513606338a0] - page.onError - stack:
  (anonymous function) (https://cdnjs.cloudflare.com/ajax/libs/react-dom/16.2.0/umd/react-dom.production.min.js:124)
  (anonymous function) (https://cdnjs.cloudflare.com/ajax/libs/react-dom/16.2.0/umd/react-dom.production.min.js:12)

  phantomjs://platform/console++.js:263 in error
[ERROR - 2018-05-31T18:33:57.451Z] Session [1ed07230-6501-11e8-bf8a-6513606338a0] - page.onError - msg: ReferenceError: Can't find variable: ReactDOM

  phantomjs://platform/console++.js:263 in error
[ERROR - 2018-05-31T18:33:57.451Z] Session [1ed07230-6501-11e8-bf8a-6513606338a0] - page.onError - stack:
  global code (https://www.findads.com.au/pets-animals/b.html?usp=true:16)

  phantomjs://platform/console++.js:263 in error
[ERROR - 2018-05-31T18:33:59.640Z] Session [1ed07230-6501-11e8-bf8a-6513606338a0] - page.onError - msg: ReferenceError: Can't find variable: Set

  phantomjs://platform/console++.js:263 in error
[ERROR - 2018-05-31T18:33:59.641Z] Session [1ed07230-6501-11e8-bf8a-6513606338a0] - page.onError - stack:
  (anonymous function) (https://cdnjs.cloudflare.com/ajax/libs/react-dom/16.2.0/umd/react-dom.production.min.js:124)
  (anonymous function) (https://cdnjs.cloudflare.com/ajax/libs/react-dom/16.2.0/umd/react-dom.production.min.js:12)

  phantomjs://platform/console++.js:263 in error
[ERROR - 2018-05-31T18:33:59.812Z] Session [1ed07230-6501-11e8-bf8a-6513606338a0] - page.onError - msg: ReferenceError: Can't find variable: ReactDOM

  phantomjs://platform/console++.js:263 in error
[ERROR - 2018-05-31T18:33:59.813Z] Session [1ed07230-6501-11e8-bf8a-6513606338a0] - page.onError - stack:
  global code (https://www.findads.com.au/pets-animals/dog.html?usp=true:16)

  phantomjs://platform/console++.js:263 in error
[ERROR - 2018-05-31T18:34:02.972Z] Session [1ed07230-6501-11e8-bf8a-6513606338a0] - page.onError - msg: ReferenceError: Can't find variable: Set

  phantomjs://platform/console++.js:263 in error
[ERROR - 2018-05-31T18:34:02.973Z] Session [1ed07230-6501-11e8-bf8a-6513606338a0] - page.onError - stack:
  (anonymous function) (https://cdnjs.cloudflare.com/ajax/libs/react-dom/16.2.0/umd/react-dom.production.min.js:124)
  (anonymous function) (https://cdnjs.cloudflare.com/ajax/libs/react-dom/16.2.0/umd/react-dom.production.min.js:12)

  phantomjs://platform/console++.js:263 in error
[ERROR - 2018-05-31T18:34:03.169Z] Session [1ed07230-6501-11e8-bf8a-6513606338a0] - page.onError - msg: ReferenceError: Can't find variable: ReactDOM

  phantomjs://platform/console++.js:263 in error
[ERROR - 2018-05-31T18:34:03.170Z] Session [1ed07230-6501-11e8-bf8a-6513606338a0] - page.onError - stack:
  global code (https://www.findads.com.au/pets-animals/b.html?usp=true:16)

  phantomjs://platform/console++.js:263 in error
[ERROR - 2018-05-31T18:34:05.614Z] Session [1ed07230-6501-11e8-bf8a-6513606338a0] - page.onError - msg: ReferenceError: Can't find variable: Set

  phantomjs://platform/console++.js:263 in error
[ERROR - 2018-05-31T18:34:05.614Z] Session [1ed07230-6501-11e8-bf8a-6513606338a0] - page.onError - stack:
  (anonymous function) (https://cdnjs.cloudflare.com/ajax/libs/react-dom/16.2.0/umd/react-dom.production.min.js:124)
  (anonymous function) (https://cdnjs.cloudflare.com/ajax/libs/react-dom/16.2.0/umd/react-dom.production.min.js:12)

  phantomjs://platform/console++.js:263 in error
[ERROR - 2018-05-31T18:34:05.722Z] Session [1ed07230-6501-11e8-bf8a-6513606338a0] - page.onError - msg: ReferenceError: Can't find variable: ReactDOM

  phantomjs://platform/console++.js:263 in error
[ERROR - 2018-05-31T18:34:05.722Z] Session [1ed07230-6501-11e8-bf8a-6513606338a0] - page.onError - stack:
  global code (https://www.findads.com.au/pets-animals/dog.html?usp=true:16)

  phantomjs://platform/console++.js:263 in error
